
*** Running vivado
    with args -log Main.vds -m64 -product Vivado -mode batch -messageDb vivado.pb -notrace -source Main.tcl



****** Vivado v2022.2 (64-bit)
  **** SW Build 3671981 on Fri Oct 14 05:00:03 MDT 2022
  **** IP Build 3669848 on Fri Oct 14 08:30:02 MDT 2022
    ** Copyright 1986-2022 Xilinx, Inc. All Rights Reserved.

source Main.tcl -notrace
create_project: Time (s): cpu = 00:00:02 ; elapsed = 00:00:07 . Memory (MB): peak = 395.148 ; gain = 57.758
Command: read_checkpoint -auto_incremental -incremental C:/Users/july_/Desktop/mips_2023/mips_2023/mips_2023.srcs/utils_1/imports/synth_1/Main.dcp
INFO: [Vivado 12-5825] Read reference checkpoint from C:/Users/july_/Desktop/mips_2023/mips_2023/mips_2023.srcs/utils_1/imports/synth_1/Main.dcp for incremental synthesis
INFO: [Vivado 12-7989] Please ensure there are no constraint changes
Command: synth_design -top Main -part xc7a35tcpg236-1
Starting synth_design
Attempting to get a license for feature 'Synthesis' and/or device 'xc7a35t'
INFO: [Common 17-349] Got license for feature 'Synthesis' and/or device 'xc7a35t'
INFO: [Device 21-403] Loading part xc7a35tcpg236-1
INFO: [Designutils 20-5440] No compile time benefit to using incremental synthesis; A full resynthesis will be run
INFO: [Designutils 20-4379] Flow is switching to default flow due to incremental criteria not met. If you would like to alter this behaviour and have the flow terminate instead, please set the following parameter config_implementation {autoIncr.Synth.RejectBehavior Terminate}
INFO: [Synth 8-7079] Multithreading enabled for synth_design using a maximum of 2 processes.
INFO: [Synth 8-7078] Launching helper process for spawning children vivado processes
INFO: [Synth 8-7075] Helper process launched with PID 8212
INFO: [Synth 8-11241] undeclared symbol 'REGCCE', assumed default net type 'wire' [C:/Xilinx/Vivado/2022.2/data/verilog/src/unimacro/BRAM_SINGLE_MACRO.v:2170]
INFO: [Synth 8-11241] undeclared symbol 'wire_is_halt_flag', assumed default net type 'wire' [C:/Users/july_/Desktop/mips_2023/mips_2023/mips_2023.srcs/sources_1/new/main.v:104]
INFO: [Synth 8-11241] undeclared symbol 'wire_ctrl_wb_mem_to_reg_sel', assumed default net type 'wire' [C:/Users/july_/Desktop/mips_2023/mips_2023/mips_2023.srcs/sources_1/new/main.v:131]
INFO: [Synth 8-11241] undeclared symbol 'wire_ex_ctrl_WB_memToReg_flag', assumed default net type 'wire' [C:/Users/july_/Desktop/mips_2023/mips_2023/mips_2023.srcs/sources_1/new/main.v:131]
INFO: [Synth 8-11241] undeclared symbol 'wire_ctrl_ex_reg_dest_sel', assumed default net type 'wire' [C:/Users/july_/Desktop/mips_2023/mips_2023/mips_2023.srcs/sources_1/new/main.v:132]
INFO: [Synth 8-11241] undeclared symbol 'wire_ex_ctrl_EX_regDEST_flag', assumed default net type 'wire' [C:/Users/july_/Desktop/mips_2023/mips_2023/mips_2023.srcs/sources_1/new/main.v:132]
INFO: [Synth 8-11241] undeclared symbol 'wire_ctrl_wb_write_back_flag', assumed default net type 'wire' [C:/Users/july_/Desktop/mips_2023/mips_2023/mips_2023.srcs/sources_1/new/main.v:133]
INFO: [Synth 8-11241] undeclared symbol 'wire_ex_ctrl_WB_wr_flag', assumed default net type 'wire' [C:/Users/july_/Desktop/mips_2023/mips_2023/mips_2023.srcs/sources_1/new/main.v:133]
INFO: [Synth 8-11241] undeclared symbol 'exmem_addr_wb', assumed default net type 'wire' [C:/Users/july_/Desktop/mips_2023/mips_2023/mips_2023.srcs/sources_1/new/main.v:134]
INFO: [Synth 8-11241] undeclared symbol 'wire_id_pc4', assumed default net type 'wire' [C:/Users/july_/Desktop/mips_2023/mips_2023/mips_2023.srcs/sources_1/new/main.v:137]
INFO: [Synth 8-11241] undeclared symbol 'wire_id_instruction', assumed default net type 'wire' [C:/Users/july_/Desktop/mips_2023/mips_2023/mips_2023.srcs/sources_1/new/main.v:138]
INFO: [Synth 8-11241] undeclared symbol 'wire_id_is_A_B_equal_flag', assumed default net type 'wire' [C:/Users/july_/Desktop/mips_2023/mips_2023/mips_2023.srcs/sources_1/new/main.v:139]
INFO: [Synth 8-11241] undeclared symbol 'wire_ctrl_next_pc_select', assumed default net type 'wire' [C:/Users/july_/Desktop/mips_2023/mips_2023/mips_2023.srcs/sources_1/new/main.v:140]
INFO: [Synth 8-11241] undeclared symbol 'wire_id_pc_next', assumed default net type 'wire' [C:/Users/july_/Desktop/mips_2023/mips_2023/mips_2023.srcs/sources_1/new/main.v:141]
INFO: [Synth 8-11241] undeclared symbol 'wire_arithmetic_risk_flag', assumed default net type 'wire' [C:/Users/july_/Desktop/mips_2023/mips_2023/mips_2023.srcs/sources_1/new/main.v:143]
INFO: [Synth 8-11241] undeclared symbol 'wire_load_flag', assumed default net type 'wire' [C:/Users/july_/Desktop/mips_2023/mips_2023/mips_2023.srcs/sources_1/new/main.v:144]
INFO: [Synth 8-11241] undeclared symbol 'wire_no_load_pc_flag', assumed default net type 'wire' [C:/Users/july_/Desktop/mips_2023/mips_2023/mips_2023.srcs/sources_1/new/main.v:145]
INFO: [Synth 8-11241] undeclared symbol 'wire_if_pc4', assumed default net type 'wire' [C:/Users/july_/Desktop/mips_2023/mips_2023/mips_2023.srcs/sources_1/new/main.v:147]
INFO: [Synth 8-11241] undeclared symbol 'wire_ex_opcode', assumed default net type 'wire' [C:/Users/july_/Desktop/mips_2023/mips_2023/mips_2023.srcs/sources_1/new/main.v:149]
INFO: [Synth 8-11241] undeclared symbol 'wire_id_opcode', assumed default net type 'wire' [C:/Users/july_/Desktop/mips_2023/mips_2023/mips_2023.srcs/sources_1/new/main.v:150]
WARNING: [Synth 8-8895] 'wire_if_pc4' is already implicitly declared on line 147 [C:/Users/july_/Desktop/mips_2023/mips_2023/mips_2023.srcs/sources_1/new/main.v:169]
WARNING: [Synth 8-8895] 'wire_no_load_pc_flag' is already implicitly declared on line 145 [C:/Users/july_/Desktop/mips_2023/mips_2023/mips_2023.srcs/sources_1/new/main.v:170]
WARNING: [Synth 8-8895] 'wire_id_pc_next' is already implicitly declared on line 141 [C:/Users/july_/Desktop/mips_2023/mips_2023/mips_2023.srcs/sources_1/new/main.v:171]
WARNING: [Synth 8-8895] 'wire_is_halt_flag' is already implicitly declared on line 104 [C:/Users/july_/Desktop/mips_2023/mips_2023/mips_2023.srcs/sources_1/new/main.v:174]
WARNING: [Synth 8-8895] 'wire_id_pc4' is already implicitly declared on line 137 [C:/Users/july_/Desktop/mips_2023/mips_2023/mips_2023.srcs/sources_1/new/main.v:198]
WARNING: [Synth 8-8895] 'wire_id_instruction' is already implicitly declared on line 138 [C:/Users/july_/Desktop/mips_2023/mips_2023/mips_2023.srcs/sources_1/new/main.v:199]
WARNING: [Synth 8-8895] 'wire_ctrl_wb_mem_to_reg_sel' is already implicitly declared on line 131 [C:/Users/july_/Desktop/mips_2023/mips_2023/mips_2023.srcs/sources_1/new/main.v:227]
WARNING: [Synth 8-8895] 'wire_ctrl_wb_write_back_flag' is already implicitly declared on line 133 [C:/Users/july_/Desktop/mips_2023/mips_2023/mips_2023.srcs/sources_1/new/main.v:228]
WARNING: [Synth 8-8895] 'wire_id_is_A_B_equal_flag' is already implicitly declared on line 139 [C:/Users/july_/Desktop/mips_2023/mips_2023/mips_2023.srcs/sources_1/new/main.v:229]
WARNING: [Synth 8-8895] 'wire_ctrl_next_pc_select' is already implicitly declared on line 140 [C:/Users/july_/Desktop/mips_2023/mips_2023/mips_2023.srcs/sources_1/new/main.v:231]
WARNING: [Synth 8-8895] 'wire_ctrl_ex_reg_dest_sel' is already implicitly declared on line 132 [C:/Users/july_/Desktop/mips_2023/mips_2023/mips_2023.srcs/sources_1/new/main.v:233]
WARNING: [Synth 8-8895] 'wire_id_opcode' is already implicitly declared on line 150 [C:/Users/july_/Desktop/mips_2023/mips_2023/mips_2023.srcs/sources_1/new/main.v:261]
WARNING: [Synth 8-8895] 'wire_arithmetic_risk_flag' is already implicitly declared on line 143 [C:/Users/july_/Desktop/mips_2023/mips_2023/mips_2023.srcs/sources_1/new/main.v:290]
WARNING: [Synth 8-8895] 'wire_load_flag' is already implicitly declared on line 144 [C:/Users/july_/Desktop/mips_2023/mips_2023/mips_2023.srcs/sources_1/new/main.v:291]
WARNING: [Synth 8-8895] 'wire_ex_opcode' is already implicitly declared on line 149 [C:/Users/july_/Desktop/mips_2023/mips_2023/mips_2023.srcs/sources_1/new/main.v:295]
WARNING: [Synth 8-8895] 'wire_ex_ctrl_EX_regDEST_flag' is already implicitly declared on line 132 [C:/Users/july_/Desktop/mips_2023/mips_2023/mips_2023.srcs/sources_1/new/main.v:317]
WARNING: [Synth 8-8895] 'wire_ex_ctrl_WB_memToReg_flag' is already implicitly declared on line 131 [C:/Users/july_/Desktop/mips_2023/mips_2023/mips_2023.srcs/sources_1/new/main.v:323]
WARNING: [Synth 8-8895] 'wire_ex_ctrl_WB_wr_flag' is already implicitly declared on line 133 [C:/Users/july_/Desktop/mips_2023/mips_2023/mips_2023.srcs/sources_1/new/main.v:323]
WARNING: [Synth 8-8895] 'exmem_addr_wb' is already implicitly declared on line 134 [C:/Users/july_/Desktop/mips_2023/mips_2023/mips_2023.srcs/sources_1/new/main.v:398]
---------------------------------------------------------------------------------
Starting RTL Elaboration : Time (s): cpu = 00:00:04 ; elapsed = 00:00:09 . Memory (MB): peak = 1207.090 ; gain = 409.617
---------------------------------------------------------------------------------
INFO: [Synth 8-6157] synthesizing module 'Main' [C:/Users/july_/Desktop/mips_2023/mips_2023/mips_2023.srcs/sources_1/new/main.v:23]
INFO: [Synth 8-6157] synthesizing module 'UART' [C:/Users/july_/Desktop/mips_2023/mips_2023/mips_2023.srcs/sources_1/new/UART.v:3]
INFO: [Synth 8-6157] synthesizing module 'UART_ticks' [C:/Users/july_/Desktop/mips_2023/mips_2023/mips_2023.srcs/sources_1/new/UART_tiks.v:1]
INFO: [Synth 8-6155] done synthesizing module 'UART_ticks' (0#1) [C:/Users/july_/Desktop/mips_2023/mips_2023/mips_2023.srcs/sources_1/new/UART_tiks.v:1]
INFO: [Synth 8-6157] synthesizing module 'UART_rx' [C:/Users/july_/Desktop/mips_2023/mips_2023/mips_2023.srcs/sources_1/new/UART_rx.v:1]
INFO: [Synth 8-155] case statement is not full and has no default [C:/Users/july_/Desktop/mips_2023/mips_2023/mips_2023.srcs/sources_1/new/UART_rx.v:61]
INFO: [Synth 8-6155] done synthesizing module 'UART_rx' (0#1) [C:/Users/july_/Desktop/mips_2023/mips_2023/mips_2023.srcs/sources_1/new/UART_rx.v:1]
INFO: [Synth 8-6157] synthesizing module 'UART_tx' [C:/Users/july_/Desktop/mips_2023/mips_2023/mips_2023.srcs/sources_1/new/UART_tx.v:3]
INFO: [Synth 8-6155] done synthesizing module 'UART_tx' (0#1) [C:/Users/july_/Desktop/mips_2023/mips_2023/mips_2023.srcs/sources_1/new/UART_tx.v:3]
INFO: [Synth 8-6155] done synthesizing module 'UART' (0#1) [C:/Users/july_/Desktop/mips_2023/mips_2023/mips_2023.srcs/sources_1/new/UART.v:3]
INFO: [Synth 8-6157] synthesizing module 'Debuguer' [C:/Users/july_/Desktop/mips_2023/mips_2023/mips_2023.srcs/sources_1/new/Debug.v:1]
INFO: [Synth 8-6155] done synthesizing module 'Debuguer' (0#1) [C:/Users/july_/Desktop/mips_2023/mips_2023/mips_2023.srcs/sources_1/new/Debug.v:1]
INFO: [Synth 8-6157] synthesizing module 'IF' [C:/Users/july_/Desktop/mips_2023/mips_2023/mips_2023.srcs/sources_1/new/IF.v:23]
INFO: [Synth 8-6157] synthesizing module 'PC' [C:/Users/july_/Desktop/mips_2023/mips_2023/mips_2023.srcs/sources_1/new/pc.v:23]
INFO: [Synth 8-155] case statement is not full and has no default [C:/Users/july_/Desktop/mips_2023/mips_2023/mips_2023.srcs/sources_1/new/pc.v:67]
INFO: [Synth 8-6155] done synthesizing module 'PC' (0#1) [C:/Users/july_/Desktop/mips_2023/mips_2023/mips_2023.srcs/sources_1/new/pc.v:23]
INFO: [Synth 8-6157] synthesizing module 'PROGRAM_MEMORY' [C:/Users/july_/Desktop/mips_2023/mips_2023/mips_2023.srcs/sources_1/new/program_memory.v:23]
INFO: [Synth 8-155] case statement is not full and has no default [C:/Users/july_/Desktop/mips_2023/mips_2023/mips_2023.srcs/sources_1/new/program_memory.v:96]
INFO: [Synth 8-6155] done synthesizing module 'PROGRAM_MEMORY' (0#1) [C:/Users/july_/Desktop/mips_2023/mips_2023/mips_2023.srcs/sources_1/new/program_memory.v:23]
INFO: [Synth 8-6155] done synthesizing module 'IF' (0#1) [C:/Users/july_/Desktop/mips_2023/mips_2023/mips_2023.srcs/sources_1/new/IF.v:23]
INFO: [Synth 8-6157] synthesizing module 'IFID' [C:/Users/july_/Desktop/mips_2023/mips_2023/mips_2023.srcs/sources_1/new/IFID.v:23]
INFO: [Synth 8-6155] done synthesizing module 'IFID' (0#1) [C:/Users/july_/Desktop/mips_2023/mips_2023/mips_2023.srcs/sources_1/new/IFID.v:23]
INFO: [Synth 8-6157] synthesizing module 'ControlMain' [C:/Users/july_/Desktop/mips_2023/mips_2023/mips_2023.srcs/sources_1/new/ControlMain.v:23]
INFO: [Synth 8-6155] done synthesizing module 'ControlMain' (0#1) [C:/Users/july_/Desktop/mips_2023/mips_2023/mips_2023.srcs/sources_1/new/ControlMain.v:23]
INFO: [Synth 8-6157] synthesizing module 'ID' [C:/Users/july_/Desktop/mips_2023/mips_2023/mips_2023.srcs/sources_1/new/ID.v:24]
INFO: [Synth 8-6157] synthesizing module 'REG_MEMORY' [C:/Users/july_/Desktop/mips_2023/mips_2023/mips_2023.srcs/sources_1/new/RegisterMemory.v:26]
WARNING: [Synth 8-324] index 4 out of range [C:/Users/july_/Desktop/mips_2023/mips_2023/mips_2023.srcs/sources_1/new/RegisterMemory.v:54]
INFO: [Synth 8-6155] done synthesizing module 'REG_MEMORY' (0#1) [C:/Users/july_/Desktop/mips_2023/mips_2023/mips_2023.srcs/sources_1/new/RegisterMemory.v:26]
INFO: [Synth 8-6155] done synthesizing module 'ID' (0#1) [C:/Users/july_/Desktop/mips_2023/mips_2023/mips_2023.srcs/sources_1/new/ID.v:24]
INFO: [Synth 8-6157] synthesizing module 'risk_unit' [C:/Users/july_/Desktop/mips_2023/mips_2023/mips_2023.srcs/sources_1/new/risk_unit.v:23]
INFO: [Synth 8-6155] done synthesizing module 'risk_unit' (0#1) [C:/Users/july_/Desktop/mips_2023/mips_2023/mips_2023.srcs/sources_1/new/risk_unit.v:23]
INFO: [Synth 8-6157] synthesizing module 'IDEX' [C:/Users/july_/Desktop/mips_2023/mips_2023/mips_2023.srcs/sources_1/new/IDEX.v:1]
INFO: [Synth 8-6155] done synthesizing module 'IDEX' (0#1) [C:/Users/july_/Desktop/mips_2023/mips_2023/mips_2023.srcs/sources_1/new/IDEX.v:1]
WARNING: [Synth 8-7071] port 'i_flag_first_ex_instruction' of module 'IDEX' is unconnected for instance 'idex_instance' [C:/Users/july_/Desktop/mips_2023/mips_2023/mips_2023.srcs/sources_1/new/main.v:325]
WARNING: [Synth 8-7071] port 'o_flag_first_ex_instruction' of module 'IDEX' is unconnected for instance 'idex_instance' [C:/Users/july_/Desktop/mips_2023/mips_2023/mips_2023.srcs/sources_1/new/main.v:325]
WARNING: [Synth 8-7023] instance 'idex_instance' of module 'IDEX' has 41 connections declared, but only 39 given [C:/Users/july_/Desktop/mips_2023/mips_2023/mips_2023.srcs/sources_1/new/main.v:325]
INFO: [Synth 8-6157] synthesizing module 'SHORT_CIRCUIT_UNIT' [C:/Users/july_/Desktop/mips_2023/mips_2023/mips_2023.srcs/sources_1/new/short_circuit_unit.v:23]
INFO: [Synth 8-6155] done synthesizing module 'SHORT_CIRCUIT_UNIT' (0#1) [C:/Users/july_/Desktop/mips_2023/mips_2023/mips_2023.srcs/sources_1/new/short_circuit_unit.v:23]
INFO: [Synth 8-6157] synthesizing module 'EX' [C:/Users/july_/Desktop/mips_2023/mips_2023/mips_2023.srcs/sources_1/new/EX.v:23]
INFO: [Synth 8-6157] synthesizing module 'CTRL_ALU' [C:/Users/july_/Desktop/mips_2023/mips_2023/mips_2023.srcs/sources_1/new/CTRL_ALU.v:23]
INFO: [Synth 8-6155] done synthesizing module 'CTRL_ALU' (0#1) [C:/Users/july_/Desktop/mips_2023/mips_2023/mips_2023.srcs/sources_1/new/CTRL_ALU.v:23]
INFO: [Synth 8-6157] synthesizing module 'ALU' [C:/Users/july_/Desktop/mips_2023/mips_2023/mips_2023.srcs/sources_1/new/ALU.v:23]
INFO: [Synth 8-6155] done synthesizing module 'ALU' (0#1) [C:/Users/july_/Desktop/mips_2023/mips_2023/mips_2023.srcs/sources_1/new/ALU.v:23]
INFO: [Synth 8-226] default block is never used [C:/Users/july_/Desktop/mips_2023/mips_2023/mips_2023.srcs/sources_1/new/EX.v:142]
INFO: [Synth 8-6155] done synthesizing module 'EX' (0#1) [C:/Users/july_/Desktop/mips_2023/mips_2023/mips_2023.srcs/sources_1/new/EX.v:23]
INFO: [Synth 8-6157] synthesizing module 'EXMEM' [C:/Users/july_/Desktop/mips_2023/mips_2023/mips_2023.srcs/sources_1/new/EXMEM.v:23]
INFO: [Synth 8-6155] done synthesizing module 'EXMEM' (0#1) [C:/Users/july_/Desktop/mips_2023/mips_2023/mips_2023.srcs/sources_1/new/EXMEM.v:23]
INFO: [Synth 8-6157] synthesizing module 'MEM' [C:/Users/july_/Desktop/mips_2023/mips_2023/mips_2023.srcs/sources_1/new/MEM.v:23]
INFO: [Synth 8-226] default block is never used [C:/Users/july_/Desktop/mips_2023/mips_2023/mips_2023.srcs/sources_1/new/MEM.v:60]
INFO: [Synth 8-6157] synthesizing module 'DATA_MEM' [C:/Users/july_/Desktop/mips_2023/mips_2023/mips_2023.srcs/sources_1/new/data_mem.v:25]
INFO: [Synth 8-6155] done synthesizing module 'DATA_MEM' (0#1) [C:/Users/july_/Desktop/mips_2023/mips_2023/mips_2023.srcs/sources_1/new/data_mem.v:25]
INFO: [Synth 8-6155] done synthesizing module 'MEM' (0#1) [C:/Users/july_/Desktop/mips_2023/mips_2023/mips_2023.srcs/sources_1/new/MEM.v:23]
INFO: [Synth 8-6157] synthesizing module 'MEMWB' [C:/Users/july_/Desktop/mips_2023/mips_2023/mips_2023.srcs/sources_1/new/MEMWB.v:23]
INFO: [Synth 8-6155] done synthesizing module 'MEMWB' (0#1) [C:/Users/july_/Desktop/mips_2023/mips_2023/mips_2023.srcs/sources_1/new/MEMWB.v:23]
INFO: [Synth 8-6157] synthesizing module 'WB' [C:/Users/july_/Desktop/mips_2023/mips_2023/mips_2023.srcs/sources_1/new/WB.v:23]
INFO: [Synth 8-6155] done synthesizing module 'WB' (0#1) [C:/Users/july_/Desktop/mips_2023/mips_2023/mips_2023.srcs/sources_1/new/WB.v:23]
INFO: [Synth 8-6155] done synthesizing module 'Main' (0#1) [C:/Users/july_/Desktop/mips_2023/mips_2023/mips_2023.srcs/sources_1/new/main.v:23]
WARNING: [Synth 8-6026] Ignoring keep related attribute (keep/mark_debug/dont_touch) applied on memory [C:/Users/july_/Desktop/mips_2023/mips_2023/mips_2023.srcs/sources_1/new/data_mem.v:45]
WARNING: [Synth 8-7129] Port i_addr_mem[31] in module DATA_MEM is either unconnected or has no load
WARNING: [Synth 8-7129] Port i_addr_mem[30] in module DATA_MEM is either unconnected or has no load
WARNING: [Synth 8-7129] Port i_addr_mem[29] in module DATA_MEM is either unconnected or has no load
WARNING: [Synth 8-7129] Port i_addr_mem[28] in module DATA_MEM is either unconnected or has no load
WARNING: [Synth 8-7129] Port i_addr_mem[27] in module DATA_MEM is either unconnected or has no load
WARNING: [Synth 8-7129] Port i_addr_mem[26] in module DATA_MEM is either unconnected or has no load
WARNING: [Synth 8-7129] Port i_addr_mem[25] in module DATA_MEM is either unconnected or has no load
WARNING: [Synth 8-7129] Port i_addr_mem[24] in module DATA_MEM is either unconnected or has no load
WARNING: [Synth 8-7129] Port i_addr_mem[23] in module DATA_MEM is either unconnected or has no load
WARNING: [Synth 8-7129] Port i_addr_mem[22] in module DATA_MEM is either unconnected or has no load
WARNING: [Synth 8-7129] Port i_addr_mem[21] in module DATA_MEM is either unconnected or has no load
WARNING: [Synth 8-7129] Port i_addr_mem[20] in module DATA_MEM is either unconnected or has no load
WARNING: [Synth 8-7129] Port i_addr_mem[19] in module DATA_MEM is either unconnected or has no load
WARNING: [Synth 8-7129] Port i_addr_mem[18] in module DATA_MEM is either unconnected or has no load
WARNING: [Synth 8-7129] Port i_addr_mem[17] in module DATA_MEM is either unconnected or has no load
WARNING: [Synth 8-7129] Port i_addr_mem[16] in module DATA_MEM is either unconnected or has no load
WARNING: [Synth 8-7129] Port i_addr_mem[15] in module DATA_MEM is either unconnected or has no load
WARNING: [Synth 8-7129] Port i_addr_mem[14] in module DATA_MEM is either unconnected or has no load
WARNING: [Synth 8-7129] Port i_addr_mem[13] in module DATA_MEM is either unconnected or has no load
WARNING: [Synth 8-7129] Port i_addr_mem[12] in module DATA_MEM is either unconnected or has no load
WARNING: [Synth 8-7129] Port i_addr_mem[11] in module DATA_MEM is either unconnected or has no load
WARNING: [Synth 8-7129] Port i_addr_mem[10] in module DATA_MEM is either unconnected or has no load
WARNING: [Synth 8-7129] Port i_addr_mem[9] in module DATA_MEM is either unconnected or has no load
WARNING: [Synth 8-7129] Port i_addr_mem[8] in module DATA_MEM is either unconnected or has no load
WARNING: [Synth 8-7129] Port i_addr_mem[7] in module DATA_MEM is either unconnected or has no load
WARNING: [Synth 8-7129] Port i_addr_mem[6] in module DATA_MEM is either unconnected or has no load
WARNING: [Synth 8-7129] Port i_addr_mem[5] in module DATA_MEM is either unconnected or has no load
WARNING: [Synth 8-7129] Port i_addr_mem[4] in module DATA_MEM is either unconnected or has no load
WARNING: [Synth 8-7129] Port i_addr_mem[3] in module DATA_MEM is either unconnected or has no load
WARNING: [Synth 8-7129] Port i_addr_mem[2] in module DATA_MEM is either unconnected or has no load
WARNING: [Synth 8-7129] Port i_ctrl_mem_store_mask[1] in module MEM is either unconnected or has no load
WARNING: [Synth 8-7129] Port i_ctrl_mem_store_mask[0] in module MEM is either unconnected or has no load
WARNING: [Synth 8-7129] Port i_addr_A[4] in module REG_MEMORY is either unconnected or has no load
WARNING: [Synth 8-7129] Port i_addr_A[3] in module REG_MEMORY is either unconnected or has no load
WARNING: [Synth 8-7129] Port i_addr_A[2] in module REG_MEMORY is either unconnected or has no load
WARNING: [Synth 8-7129] Port i_addr_B[4] in module REG_MEMORY is either unconnected or has no load
WARNING: [Synth 8-7129] Port i_addr_B[3] in module REG_MEMORY is either unconnected or has no load
WARNING: [Synth 8-7129] Port i_addr_B[2] in module REG_MEMORY is either unconnected or has no load
WARNING: [Synth 8-7129] Port i_instruction[25] in module ControlMain is either unconnected or has no load
WARNING: [Synth 8-7129] Port i_instruction[24] in module ControlMain is either unconnected or has no load
WARNING: [Synth 8-7129] Port i_instruction[23] in module ControlMain is either unconnected or has no load
WARNING: [Synth 8-7129] Port i_instruction[22] in module ControlMain is either unconnected or has no load
WARNING: [Synth 8-7129] Port i_instruction[21] in module ControlMain is either unconnected or has no load
WARNING: [Synth 8-7129] Port i_instruction[20] in module ControlMain is either unconnected or has no load
WARNING: [Synth 8-7129] Port i_instruction[19] in module ControlMain is either unconnected or has no load
WARNING: [Synth 8-7129] Port i_instruction[18] in module ControlMain is either unconnected or has no load
WARNING: [Synth 8-7129] Port i_instruction[17] in module ControlMain is either unconnected or has no load
WARNING: [Synth 8-7129] Port i_instruction[16] in module ControlMain is either unconnected or has no load
WARNING: [Synth 8-7129] Port i_instruction[15] in module ControlMain is either unconnected or has no load
WARNING: [Synth 8-7129] Port i_instruction[14] in module ControlMain is either unconnected or has no load
WARNING: [Synth 8-7129] Port i_instruction[13] in module ControlMain is either unconnected or has no load
WARNING: [Synth 8-7129] Port i_instruction[12] in module ControlMain is either unconnected or has no load
WARNING: [Synth 8-7129] Port i_instruction[11] in module ControlMain is either unconnected or has no load
WARNING: [Synth 8-7129] Port i_instruction[10] in module ControlMain is either unconnected or has no load
WARNING: [Synth 8-7129] Port i_instruction[9] in module ControlMain is either unconnected or has no load
WARNING: [Synth 8-7129] Port i_instruction[8] in module ControlMain is either unconnected or has no load
WARNING: [Synth 8-7129] Port i_instruction[7] in module ControlMain is either unconnected or has no load
WARNING: [Synth 8-7129] Port i_instruction[6] in module ControlMain is either unconnected or has no load
WARNING: [Synth 8-7129] Port i_reset in module UART_ticks is either unconnected or has no load
---------------------------------------------------------------------------------
Finished RTL Elaboration : Time (s): cpu = 00:00:05 ; elapsed = 00:00:12 . Memory (MB): peak = 1307.355 ; gain = 509.883
---------------------------------------------------------------------------------
---------------------------------------------------------------------------------
Start Handling Custom Attributes
---------------------------------------------------------------------------------
---------------------------------------------------------------------------------
Finished Handling Custom Attributes : Time (s): cpu = 00:00:05 ; elapsed = 00:00:12 . Memory (MB): peak = 1307.355 ; gain = 509.883
---------------------------------------------------------------------------------
---------------------------------------------------------------------------------
Finished RTL Optimization Phase 1 : Time (s): cpu = 00:00:05 ; elapsed = 00:00:12 . Memory (MB): peak = 1307.355 ; gain = 509.883
---------------------------------------------------------------------------------
Netlist sorting complete. Time (s): cpu = 00:00:00 ; elapsed = 00:00:00.089 . Memory (MB): peak = 1307.355 ; gain = 0.000
INFO: [Project 1-570] Preparing netlist for logic optimization

Processing XDC Constraints
Initializing timing engine
Parsing XDC File [C:/Users/july_/Desktop/mips_2023/mips_2023/mips_2023.srcs/constrs_1/new/i_state.xdc]
Finished Parsing XDC File [C:/Users/july_/Desktop/mips_2023/mips_2023/mips_2023.srcs/constrs_1/new/i_state.xdc]
INFO: [Project 1-236] Implementation specific constraints were found while reading constraint file [C:/Users/july_/Desktop/mips_2023/mips_2023/mips_2023.srcs/constrs_1/new/i_state.xdc]. These constraints will be ignored for synthesis but will be used in implementation. Impacted constraints are listed in the file [.Xil/Main_propImpl.xdc].
Resolution: To avoid this warning, move constraints listed in [.Xil/Main_propImpl.xdc] to another XDC file and exclude this new file from synthesis with the used_in_synthesis property (File Properties dialog in GUI) and re-run elaboration/synthesis.
Completed Processing XDC Constraints

Netlist sorting complete. Time (s): cpu = 00:00:00 ; elapsed = 00:00:00.001 . Memory (MB): peak = 1417.211 ; gain = 0.000
INFO: [Project 1-111] Unisim Transformation Summary:
No Unisim elements were transformed.

Constraint Validation Runtime : Time (s): cpu = 00:00:00 ; elapsed = 00:00:00.027 . Memory (MB): peak = 1417.211 ; gain = 0.000
INFO: [Designutils 20-5440] No compile time benefit to using incremental synthesis; A full resynthesis will be run
INFO: [Designutils 20-4379] Flow is switching to default flow due to incremental criteria not met. If you would like to alter this behaviour and have the flow terminate instead, please set the following parameter config_implementation {autoIncr.Synth.RejectBehavior Terminate}
INFO: [Synth 8-11241] undeclared symbol 'REGCCE', assumed default net type 'wire' [C:/Xilinx/Vivado/2022.2/data/verilog/src/unimacro/BRAM_SINGLE_MACRO.v:2170]
---------------------------------------------------------------------------------
Finished Constraint Validation : Time (s): cpu = 00:00:11 ; elapsed = 00:00:24 . Memory (MB): peak = 1417.211 ; gain = 619.738
---------------------------------------------------------------------------------
---------------------------------------------------------------------------------
Start Loading Part and Timing Information
---------------------------------------------------------------------------------
Loading part: xc7a35tcpg236-1
---------------------------------------------------------------------------------
Finished Loading Part and Timing Information : Time (s): cpu = 00:00:11 ; elapsed = 00:00:24 . Memory (MB): peak = 1417.211 ; gain = 619.738
---------------------------------------------------------------------------------
---------------------------------------------------------------------------------
Start Applying 'set_property' XDC Constraints
---------------------------------------------------------------------------------
---------------------------------------------------------------------------------
Finished applying 'set_property' XDC Constraints : Time (s): cpu = 00:00:11 ; elapsed = 00:00:24 . Memory (MB): peak = 1417.211 ; gain = 619.738
---------------------------------------------------------------------------------
INFO: [Synth 8-802] inferred FSM for state register 'state_reg_reg' in module 'UART_rx'
INFO: [Synth 8-802] inferred FSM for state register 'state_reg_reg' in module 'UART_tx'
INFO: [Synth 8-802] inferred FSM for state register 'state_reg' in module 'Debuguer'
INFO: [Synth 8-802] inferred FSM for state register 'state_reg' in module 'PC'
INFO: [Synth 8-802] inferred FSM for state register 'state_reg' in module 'risk_unit'
---------------------------------------------------------------------------------------------------
                   State |                     New Encoding |                Previous Encoding 
---------------------------------------------------------------------------------------------------
                 ST_IDLE |                               00 |                             1110
                ST_START |                               01 |                             1101
                 ST_DATA |                               10 |                             1011
                 ST_STOP |                               11 |                             0111
---------------------------------------------------------------------------------------------------
INFO: [Synth 8-3354] encoded FSM with state register 'state_reg_reg' using encoding 'sequential' in module 'UART_rx'
---------------------------------------------------------------------------------------------------
                   State |                     New Encoding |                Previous Encoding 
---------------------------------------------------------------------------------------------------
                 ST_IDLE |                               00 |                             1110
                ST_START |                               01 |                             1101
                 ST_DATA |                               10 |                             1011
                 ST_STOP |                               11 |                             0111
---------------------------------------------------------------------------------------------------
INFO: [Synth 8-3354] encoded FSM with state register 'state_reg_reg' using encoding 'sequential' in module 'UART_tx'
---------------------------------------------------------------------------------------------------
                   State |                     New Encoding |                Previous Encoding 
---------------------------------------------------------------------------------------------------
                 ST_IDLE |                        000000001 |                             0001
  ST_RECEIVE_INSTRUCTION |                        000000010 |                             0010
     ST_SEND_INSTRUCTION |                        000000100 |                             0011
                ST_READY |                        000001000 |                             0100
             ST_CONTINUE |                        000010000 |                             0111
         ST_STEP_TO_STEP |                        000100000 |                             0110
  ST_FILL_BUFFER_TO_USER |                        001000000 |                             1000
    ST_SEND_DATA_TO_USER |                        010000000 |                             1001
                  ST_END |                        100000000 |                             1111
---------------------------------------------------------------------------------------------------
INFO: [Synth 8-3354] encoded FSM with state register 'state_reg' using encoding 'one-hot' in module 'Debuguer'
WARNING: [Synth 8-327] inferring latch for variable 'pc_reg' [C:/Users/july_/Desktop/mips_2023/mips_2023/mips_2023.srcs/sources_1/new/pc.v:69]
---------------------------------------------------------------------------------------------------
                   State |                     New Encoding |                Previous Encoding 
---------------------------------------------------------------------------------------------------
                 ST_IDLE |                               00 |                             0001
         ST_INCREMENT_PC |                               01 |                             0010
     ST_PROGRAM_FINISHED |                               10 |                             0011
           ST_NO_LOAD_PC |                               11 |                             0111
---------------------------------------------------------------------------------------------------
INFO: [Synth 8-3354] encoded FSM with state register 'state_reg' using encoding 'sequential' in module 'PC'
WARNING: [Synth 8-327] inferring latch for variable 'instruction_data_output_reg' [C:/Users/july_/Desktop/mips_2023/mips_2023/mips_2023.srcs/sources_1/new/program_memory.v:124]
WARNING: [Synth 8-327] inferring latch for variable 'is_halt_flag_reg' [C:/Users/july_/Desktop/mips_2023/mips_2023/mips_2023.srcs/sources_1/new/risk_unit.v:106]
WARNING: [Synth 8-327] inferring latch for variable 'FSM_sequential_state_next_reg' [C:/Users/july_/Desktop/mips_2023/mips_2023/mips_2023.srcs/sources_1/new/risk_unit.v:97]
WARNING: [Synth 8-327] inferring latch for variable 'FSM_onehot_state_next_reg' [C:/Users/july_/Desktop/mips_2023/mips_2023/mips_2023.srcs/sources_1/new/risk_unit.v:97]
---------------------------------------------------------------------------------------------------
                   State |                     New Encoding |                Previous Encoding 
---------------------------------------------------------------------------------------------------
                 ST_IDLE |                               00 |                             0000
     ST_READ_INSTRUCTION |                               01 |                             0001
        ST_RISK_DETECTED |                               10 |                             0011
     ST_PROGRAM_FINISHED |                               11 |                             0100
---------------------------------------------------------------------------------------------------
INFO: [Synth 8-3354] encoded FSM with state register 'state_reg' using encoding 'sequential' in module 'risk_unit'
WARNING: [Synth 8-327] inferring latch for variable 'FSM_sequential_state_next_reg' [C:/Users/july_/Desktop/mips_2023/mips_2023/mips_2023.srcs/sources_1/new/risk_unit.v:97]
WARNING: [Synth 8-327] inferring latch for variable 'no_load_pc_flag_reg' [C:/Users/july_/Desktop/mips_2023/mips_2023/mips_2023.srcs/sources_1/new/risk_unit.v:103]
WARNING: [Synth 8-327] inferring latch for variable 'arithmetic_risk_flag_reg' [C:/Users/july_/Desktop/mips_2023/mips_2023/mips_2023.srcs/sources_1/new/risk_unit.v:105]
WARNING: [Synth 8-327] inferring latch for variable 'sel_short_circuit_A_reg' [C:/Users/july_/Desktop/mips_2023/mips_2023/mips_2023.srcs/sources_1/new/short_circuit_unit.v:45]
---------------------------------------------------------------------------------
Finished RTL Optimization Phase 2 : Time (s): cpu = 00:00:21 ; elapsed = 00:00:48 . Memory (MB): peak = 2870.641 ; gain = 2073.168
---------------------------------------------------------------------------------
---------------------------------------------------------------------------------
Start RTL Component Statistics 
---------------------------------------------------------------------------------
Detailed RTL Component Info : 
+---Adders : 
	   2 Input   32 Bit       Adders := 4     
	   3 Input   32 Bit       Adders := 1     
	   2 Input   10 Bit       Adders := 1     
	   2 Input    8 Bit       Adders := 1     
	   2 Input    6 Bit       Adders := 1     
	   2 Input    4 Bit       Adders := 2     
	   2 Input    3 Bit       Adders := 3     
+---XORs : 
	   2 Input     32 Bit         XORs := 1     
+---Registers : 
	              320 Bit    Registers := 1     
	               32 Bit    Registers := 19    
	               10 Bit    Registers := 1     
	                8 Bit    Registers := 4     
	                6 Bit    Registers := 2     
	                5 Bit    Registers := 5     
	                4 Bit    Registers := 3     
	                3 Bit    Registers := 5     
	                2 Bit    Registers := 4     
	                1 Bit    Registers := 21    
+---RAMs : 
	              128 Bit	(4 X 32 bit)          RAMs := 1     
+---Muxes : 
	   2 Input  320 Bit        Muxes := 1     
	   4 Input   32 Bit        Muxes := 7     
	   2 Input   32 Bit        Muxes := 6     
	   5 Input   32 Bit        Muxes := 1     
	   3 Input   32 Bit        Muxes := 1     
	   9 Input    9 Bit        Muxes := 1     
	   2 Input    9 Bit        Muxes := 5     
	   4 Input    8 Bit        Muxes := 1     
	   3 Input    8 Bit        Muxes := 1     
	   2 Input    8 Bit        Muxes := 1     
	 257 Input    8 Bit        Muxes := 1     
	 256 Input    8 Bit        Muxes := 1     
	   4 Input    5 Bit        Muxes := 1     
	   2 Input    4 Bit        Muxes := 5     
	   4 Input    4 Bit        Muxes := 3     
	   9 Input    4 Bit        Muxes := 1     
	   5 Input    4 Bit        Muxes := 1     
	  14 Input    4 Bit        Muxes := 1     
	   4 Input    3 Bit        Muxes := 2     
	   2 Input    3 Bit        Muxes := 2     
	   9 Input    3 Bit        Muxes := 1     
	   7 Input    3 Bit        Muxes := 1     
	   4 Input    2 Bit        Muxes := 3     
	   3 Input    2 Bit        Muxes := 3     
	   2 Input    2 Bit        Muxes := 9     
	   6 Input    2 Bit        Muxes := 1     
	  17 Input    2 Bit        Muxes := 1     
	  28 Input    2 Bit        Muxes := 1     
	   2 Input    1 Bit        Muxes := 39    
	   4 Input    1 Bit        Muxes := 22    
	   3 Input    1 Bit        Muxes := 2     
	   9 Input    1 Bit        Muxes := 9     
	   5 Input    1 Bit        Muxes := 4     
	   6 Input    1 Bit        Muxes := 1     
	   7 Input    1 Bit        Muxes := 2     
	  13 Input    1 Bit        Muxes := 1     
---------------------------------------------------------------------------------
Finished RTL Component Statistics 
---------------------------------------------------------------------------------
---------------------------------------------------------------------------------
Start Part Resource Summary
---------------------------------------------------------------------------------
Part Resources:
DSPs: 90 (col length:60)
BRAMs: 100 (col length: RAMB18 60 RAMB36 30)
---------------------------------------------------------------------------------
Finished Part Resource Summary
---------------------------------------------------------------------------------
---------------------------------------------------------------------------------
Start Cross Boundary and Area Optimization
---------------------------------------------------------------------------------
WARNING: [Synth 8-7080] Parallel synthesis criteria is not met
WARNING: [Synth 8-6026] Ignoring keep related attribute (keep/mark_debug/dont_touch) applied on memory
WARNING: [Synth 8-7129] Port i_addr_mem[31] in module MEM is either unconnected or has no load
WARNING: [Synth 8-7129] Port i_addr_mem[30] in module MEM is either unconnected or has no load
WARNING: [Synth 8-7129] Port i_addr_mem[29] in module MEM is either unconnected or has no load
WARNING: [Synth 8-7129] Port i_addr_mem[28] in module MEM is either unconnected or has no load
WARNING: [Synth 8-7129] Port i_addr_mem[27] in module MEM is either unconnected or has no load
WARNING: [Synth 8-7129] Port i_addr_mem[26] in module MEM is either unconnected or has no load
WARNING: [Synth 8-7129] Port i_addr_mem[25] in module MEM is either unconnected or has no load
WARNING: [Synth 8-7129] Port i_addr_mem[24] in module MEM is either unconnected or has no load
WARNING: [Synth 8-7129] Port i_addr_mem[23] in module MEM is either unconnected or has no load
WARNING: [Synth 8-7129] Port i_addr_mem[22] in module MEM is either unconnected or has no load
WARNING: [Synth 8-7129] Port i_addr_mem[21] in module MEM is either unconnected or has no load
WARNING: [Synth 8-7129] Port i_addr_mem[20] in module MEM is either unconnected or has no load
WARNING: [Synth 8-7129] Port i_addr_mem[19] in module MEM is either unconnected or has no load
WARNING: [Synth 8-7129] Port i_addr_mem[18] in module MEM is either unconnected or has no load
WARNING: [Synth 8-7129] Port i_addr_mem[17] in module MEM is either unconnected or has no load
WARNING: [Synth 8-7129] Port i_addr_mem[16] in module MEM is either unconnected or has no load
WARNING: [Synth 8-7129] Port i_addr_mem[15] in module MEM is either unconnected or has no load
WARNING: [Synth 8-7129] Port i_addr_mem[14] in module MEM is either unconnected or has no load
WARNING: [Synth 8-7129] Port i_addr_mem[13] in module MEM is either unconnected or has no load
WARNING: [Synth 8-7129] Port i_addr_mem[12] in module MEM is either unconnected or has no load
WARNING: [Synth 8-7129] Port i_addr_mem[11] in module MEM is either unconnected or has no load
WARNING: [Synth 8-7129] Port i_addr_mem[10] in module MEM is either unconnected or has no load
WARNING: [Synth 8-7129] Port i_addr_mem[9] in module MEM is either unconnected or has no load
WARNING: [Synth 8-7129] Port i_addr_mem[8] in module MEM is either unconnected or has no load
WARNING: [Synth 8-7129] Port i_addr_mem[7] in module MEM is either unconnected or has no load
WARNING: [Synth 8-7129] Port i_addr_mem[6] in module MEM is either unconnected or has no load
WARNING: [Synth 8-7129] Port i_addr_mem[5] in module MEM is either unconnected or has no load
WARNING: [Synth 8-7129] Port i_addr_mem[4] in module MEM is either unconnected or has no load
WARNING: [Synth 8-7129] Port i_addr_mem[3] in module MEM is either unconnected or has no load
WARNING: [Synth 8-7129] Port i_addr_mem[2] in module MEM is either unconnected or has no load
WARNING: [Synth 8-7129] Port i_ctrl_mem_store_mask[1] in module MEM is either unconnected or has no load
WARNING: [Synth 8-7129] Port i_ctrl_mem_store_mask[0] in module MEM is either unconnected or has no load
WARNING: [Synth 8-7129] Port i_pc[31] in module PROGRAM_MEMORY is either unconnected or has no load
WARNING: [Synth 8-7129] Port i_pc[30] in module PROGRAM_MEMORY is either unconnected or has no load
WARNING: [Synth 8-7129] Port i_pc[29] in module PROGRAM_MEMORY is either unconnected or has no load
WARNING: [Synth 8-7129] Port i_pc[28] in module PROGRAM_MEMORY is either unconnected or has no load
WARNING: [Synth 8-7129] Port i_pc[27] in module PROGRAM_MEMORY is either unconnected or has no load
WARNING: [Synth 8-7129] Port i_pc[26] in module PROGRAM_MEMORY is either unconnected or has no load
WARNING: [Synth 8-7129] Port i_pc[25] in module PROGRAM_MEMORY is either unconnected or has no load
WARNING: [Synth 8-7129] Port i_pc[24] in module PROGRAM_MEMORY is either unconnected or has no load
WARNING: [Synth 8-7129] Port i_pc[23] in module PROGRAM_MEMORY is either unconnected or has no load
INFO: [Common 17-14] Message 'Synth 8-7129' appears 100 times and further instances of the messages will be disabled. Use the Tcl command set_msg_config to change the current settings.
WARNING: [Synth 8-3332] Sequential element (if_instance/pc/pc_reg[0]) is unused and will be removed from module Main.
---------------------------------------------------------------------------------
Finished Cross Boundary and Area Optimization : Time (s): cpu = 00:00:45 ; elapsed = 00:01:44 . Memory (MB): peak = 2919.109 ; gain = 2121.637
---------------------------------------------------------------------------------
---------------------------------------------------------------------------------
Start ROM, RAM, DSP, Shift Register and Retiming Reporting
---------------------------------------------------------------------------------

Distributed RAM: Preliminary Mapping Report (see note below)
+------------+----------------------------------------+-----------+----------------------+----------------+
|Module Name | RTL Object                             | Inference | Size (Depth x Width) | Primitives     | 
+------------+----------------------------------------+-----------+----------------------+----------------+
|Main        | MEM_instance/nolabel_line69/buffer_reg | Implied   | 4 x 32               | RAM16X1S x 32  | 
+------------+----------------------------------------+-----------+----------------------+----------------+

Note: The table above is a preliminary report that shows the Distributed RAMs at the current stage of the synthesis flow. Some Distributed RAMs may be reimplemented as non Distributed RAM primitives later in the synthesis flow. Multiple instantiated RAMs are reported only once.
---------------------------------------------------------------------------------
Finished ROM, RAM, DSP, Shift Register and Retiming Reporting
---------------------------------------------------------------------------------
---------------------------------------------------------------------------------
Start Applying XDC Timing Constraints
---------------------------------------------------------------------------------
---------------------------------------------------------------------------------
Finished Applying XDC Timing Constraints : Time (s): cpu = 00:00:48 ; elapsed = 00:01:52 . Memory (MB): peak = 2919.109 ; gain = 2121.637
---------------------------------------------------------------------------------
---------------------------------------------------------------------------------
Start Timing Optimization
---------------------------------------------------------------------------------
---------------------------------------------------------------------------------
Finished Timing Optimization : Time (s): cpu = 00:00:51 ; elapsed = 00:01:58 . Memory (MB): peak = 2919.109 ; gain = 2121.637
---------------------------------------------------------------------------------
---------------------------------------------------------------------------------
Start ROM, RAM, DSP, Shift Register and Retiming Reporting
---------------------------------------------------------------------------------

Distributed RAM: Final Mapping Report
+------------+----------------------------------------+-----------+----------------------+----------------+
|Module Name | RTL Object                             | Inference | Size (Depth x Width) | Primitives     | 
+------------+----------------------------------------+-----------+----------------------+----------------+
|Main        | MEM_instance/nolabel_line69/buffer_reg | Implied   | 4 x 32               | RAM16X1S x 32  | 
+------------+----------------------------------------+-----------+----------------------+----------------+

---------------------------------------------------------------------------------
Finished ROM, RAM, DSP, Shift Register and Retiming Reporting
---------------------------------------------------------------------------------
---------------------------------------------------------------------------------
Start Technology Mapping
---------------------------------------------------------------------------------
---------------------------------------------------------------------------------
Finished Technology Mapping : Time (s): cpu = 00:00:52 ; elapsed = 00:02:00 . Memory (MB): peak = 2919.109 ; gain = 2121.637
---------------------------------------------------------------------------------
---------------------------------------------------------------------------------
Start IO Insertion
---------------------------------------------------------------------------------
---------------------------------------------------------------------------------
Start Flattening Before IO Insertion
---------------------------------------------------------------------------------
---------------------------------------------------------------------------------
Finished Flattening Before IO Insertion
---------------------------------------------------------------------------------
---------------------------------------------------------------------------------
Start Final Netlist Cleanup
---------------------------------------------------------------------------------
---------------------------------------------------------------------------------
Finished Final Netlist Cleanup
---------------------------------------------------------------------------------
---------------------------------------------------------------------------------
Finished IO Insertion : Time (s): cpu = 00:00:55 ; elapsed = 00:02:07 . Memory (MB): peak = 2919.109 ; gain = 2121.637
---------------------------------------------------------------------------------
---------------------------------------------------------------------------------
Start Renaming Generated Instances
---------------------------------------------------------------------------------
---------------------------------------------------------------------------------
Finished Renaming Generated Instances : Time (s): cpu = 00:00:55 ; elapsed = 00:02:07 . Memory (MB): peak = 2919.109 ; gain = 2121.637
---------------------------------------------------------------------------------
---------------------------------------------------------------------------------
Start Rebuilding User Hierarchy
---------------------------------------------------------------------------------
---------------------------------------------------------------------------------
Finished Rebuilding User Hierarchy : Time (s): cpu = 00:00:55 ; elapsed = 00:02:07 . Memory (MB): peak = 2919.109 ; gain = 2121.637
---------------------------------------------------------------------------------
---------------------------------------------------------------------------------
Start Renaming Generated Ports
---------------------------------------------------------------------------------
---------------------------------------------------------------------------------
Finished Renaming Generated Ports : Time (s): cpu = 00:00:55 ; elapsed = 00:02:07 . Memory (MB): peak = 2919.109 ; gain = 2121.637
---------------------------------------------------------------------------------
---------------------------------------------------------------------------------
Start Handling Custom Attributes
---------------------------------------------------------------------------------
---------------------------------------------------------------------------------
Finished Handling Custom Attributes : Time (s): cpu = 00:00:55 ; elapsed = 00:02:08 . Memory (MB): peak = 2919.109 ; gain = 2121.637
---------------------------------------------------------------------------------
---------------------------------------------------------------------------------
Start Renaming Generated Nets
---------------------------------------------------------------------------------
---------------------------------------------------------------------------------
Finished Renaming Generated Nets : Time (s): cpu = 00:00:55 ; elapsed = 00:02:08 . Memory (MB): peak = 2919.109 ; gain = 2121.637
---------------------------------------------------------------------------------
---------------------------------------------------------------------------------
Start Writing Synthesis Report
---------------------------------------------------------------------------------

Report BlackBoxes: 
+-+--------------+----------+
| |BlackBox name |Instances |
+-+--------------+----------+
+-+--------------+----------+

Report Cell Usage: 
+------+---------+------+
|      |Cell     |Count |
+------+---------+------+
|1     |BUFG     |     3|
|2     |CARRY4   |    41|
|3     |LUT1     |    41|
|4     |LUT2     |   213|
|5     |LUT3     |   158|
|6     |LUT4     |   261|
|7     |LUT5     |   640|
|8     |LUT6     |  1087|
|9     |MUXF7    |     8|
|10    |RAM16X1S |    32|
|11    |FDRE     |  1298|
|12    |FDSE     |     9|
|13    |FD       |    64|
|14    |LD       |    66|
|15    |LDCP     |     2|
|16    |IBUF     |     3|
|17    |OBUF     |    10|
+------+---------+------+
---------------------------------------------------------------------------------
Finished Writing Synthesis Report : Time (s): cpu = 00:00:55 ; elapsed = 00:02:08 . Memory (MB): peak = 2919.109 ; gain = 2121.637
---------------------------------------------------------------------------------
Synthesis finished with 0 errors, 0 critical warnings and 70 warnings.
Synthesis Optimization Runtime : Time (s): cpu = 00:00:49 ; elapsed = 00:02:05 . Memory (MB): peak = 2919.109 ; gain = 2011.781
Synthesis Optimization Complete : Time (s): cpu = 00:00:56 ; elapsed = 00:02:08 . Memory (MB): peak = 2919.109 ; gain = 2121.637
INFO: [Project 1-571] Translating synthesized netlist
Netlist sorting complete. Time (s): cpu = 00:00:00 ; elapsed = 00:00:00.095 . Memory (MB): peak = 2919.109 ; gain = 0.000
INFO: [Netlist 29-17] Analyzing 213 Unisim elements for replacement
INFO: [Netlist 29-28] Unisim Transformation completed in 0 CPU seconds
INFO: [Project 1-570] Preparing netlist for logic optimization
INFO: [Opt 31-138] Pushed 1 inverter(s) to 32 load pin(s).
Netlist sorting complete. Time (s): cpu = 00:00:00 ; elapsed = 00:00:00.003 . Memory (MB): peak = 2919.109 ; gain = 0.000
INFO: [Project 1-111] Unisim Transformation Summary:
  A total of 164 instances were transformed.
  FD_1 => FDRE (inverted pins: C): 64 instances
  LD => LDCE: 66 instances
  LDCP => LDCP (GND, LDCE, LUT3(x2), VCC): 2 instances
  RAM16X1S => RAM32X1S (inverted pins: WCLK) (RAMS32): 32 instances

Synth Design complete, checksum: 889ca6d9
INFO: [Common 17-83] Releasing license: Synthesis
106 Infos, 136 Warnings, 0 Critical Warnings and 0 Errors encountered.
synth_design completed successfully
synth_design: Time (s): cpu = 00:01:00 ; elapsed = 00:02:17 . Memory (MB): peak = 2919.109 ; gain = 2499.066
INFO: [Common 17-1381] The checkpoint 'C:/Users/july_/Desktop/mips_2023/mips_2023/mips_2023.runs/synth_1/Main.dcp' has been generated.
INFO: [runtcl-4] Executing : report_utilization -file Main_utilization_synth.rpt -pb Main_utilization_synth.pb
INFO: [Common 17-206] Exiting Vivado at Wed Jul 19 21:50:05 2023...
